[Fri, 24 Aug 2018 18:59:57 +0200] Error 1: Error: SQLSTATE[22018]: [Microsoft][ODBC Driver 13 for SQL Server][SQL Server]Conversion failed when converting the nvarchar value 'prueba5' to data type int.
[Fri, 24 Aug 2018 19:06:24 +0200] Error 1: Error: SQLSTATE[22018]: [Microsoft][ODBC Driver 13 for SQL Server][SQL Server]Conversion failed when converting the nvarchar value 'prueba5' to data type int.
[Sat, 25 Aug 2018 17:32:43 +0200] Error 1: Error: SQLSTATE[42000]: [Microsoft][ODBC Driver 13 for SQL Server][SQL Server]Incorrect syntax near ')'.
[Sun, 26 Aug 2018 21:31:24 +0200] Error 1: Error: SQLSTATE[IMSSP]: The active result for the query contains no fields.
[Sun, 26 Aug 2018 21:32:04 +0200] Error 1: Error: SQLSTATE[IMSSP]: The active result for the query contains no fields.
[Sun, 26 Aug 2018 21:32:46 +0200] Error 1: Error: SQLSTATE[IMSSP]: The active result for the query contains no fields.
[Sun, 26 Aug 2018 21:32:48 +0200] Error 1: Error: SQLSTATE[IMSSP]: The active result for the query contains no fields.
[Sun, 26 Aug 2018 21:36:05 +0200] Error 1: Error: SQLSTATE[IMSSP]: The active result for the query contains no fields.
[Sun, 26 Aug 2018 21:36:35 +0200] Error 1: Error: SQLSTATE[IMSSP]: The active result for the query contains no fields.
[Sun, 26 Aug 2018 21:36:40 +0200] Error 1: Error: SQLSTATE[IMSSP]: The active result for the query contains no fields.
[Sun, 26 Aug 2018 21:36:42 +0200] Error 1: Error: SQLSTATE[IMSSP]: The active result for the query contains no fields.
[Sun, 26 Aug 2018 21:37:11 +0200] Error 1: Error: SQLSTATE[IMSSP]: The active result for the query contains no fields.
[Sun, 26 Aug 2018 21:38:25 +0200] Error 1: Error: SQLSTATE[IMSSP]: The active result for the query contains no fields.
[Sun, 26 Aug 2018 21:38:37 +0200] Error 1: Error: SQLSTATE[IMSSP]: The active result for the query contains no fields.
[Sun, 26 Aug 2018 21:40:45 +0200] Error 1: Error: SQLSTATE[IMSSP]: The active result for the query contains no fields.
[Sun, 26 Aug 2018 21:40:53 +0200] Error 1: Error: SQLSTATE[IMSSP]: The active result for the query contains no fields.
[Sun, 26 Aug 2018 21:40:56 +0200] Error 1: Error: SQLSTATE[IMSSP]: The active result for the query contains no fields.
[Sun, 26 Aug 2018 21:42:15 +0200] Error 1: Error: SQLSTATE[IMSSP]: The active result for the query contains no fields.
[Sun, 26 Aug 2018 21:42:17 +0200] Error 1: Error: SQLSTATE[IMSSP]: The active result for the query contains no fields.
[Sun, 26 Aug 2018 21:43:06 +0200] Error 1: Error-UpdateInfoPersona.php : SQLSTATE[IMSSP]: The active result for the query contains no fields.
[Sun, 26 Aug 2018 21:43:28 +0200] Error 1: Error-UpdateInfoPersona.php : SQLSTATE[IMSSP]: The active result for the query contains no fields.
[Sun, 26 Aug 2018 21:43:35 +0200] Error 1: Error-UpdateInfoPersona.php : SQLSTATE[IMSSP]: The active result for the query contains no fields.
[Sun, 26 Aug 2018 21:51:02 +0200] Error 1: Error-UpdateInfoPersona.php : SQLSTATE[HY093]: Invalid parameter number: parameter was not defined
[Sun, 26 Aug 2018 21:52:12 +0200] Error 1: Error-UpdateInfoPersona.php : SQLSTATE[HY093]: Invalid parameter number: parameter was not defined
[Sun, 26 Aug 2018 21:55:23 +0200] Error 1: Error-UpdateInfoPersona.php : SQLSTATE[IMSSP]: The active result for the query contains no fields.
[Sun, 26 Aug 2018 21:56:47 +0200] Error 1: Error-UpdateInfoPersona.php : SQLSTATE[IMSSP]: The active result for the query contains no fields.
[Sun, 26 Aug 2018 21:59:37 +0200] Error 1: Error-UpdateInfoPersona.php : SQLSTATE[IMSSP]: The active result for the query contains no fields.
[Tue, 28 Aug 2018 01:52:44 +0200] Error 1: Error: SQLSTATE[IMSSP]: Tried to bind parameter number 65536.  SQL Server supports a maximum of 2100 parameters.
[Tue, 28 Aug 2018 02:38:12 +0200] Error 1: Error: SQLSTATE[IMSSP]: An error occurred translating string for input param 9 to UCS-2: No hay ninguna asignación en la página de códigos de múltiples bytes de destino para el carácter Unicode.

[Tue, 28 Aug 2018 02:38:36 +0200] Error 1: Error: SQLSTATE[IMSSP]: An error occurred translating string for input param 9 to UCS-2: No hay ninguna asignación en la página de códigos de múltiples bytes de destino para el carácter Unicode.

[Sat, 01 Sep 2018 05:50:54 +0200] Error 1: Error: SQLSTATE[21S01]: [Microsoft][ODBC Driver 13 for SQL Server][SQL Server]Column name or number of supplied values does not match table definition.
[Sun, 02 Sep 2018 04:22:00 +0200] Error 1: Error: SQLSTATE[42S22]: [Microsoft][ODBC Driver 13 for SQL Server][SQL Server]Invalid column name 'id_memoran'.
[Mon, 03 Sep 2018 00:30:33 +0200] Error 1: Error: SQLSTATE[42000]: [Microsoft][ODBC Driver 13 for SQL Server][SQL Server]The multi-part identifier "Memoran.fk_id_departamento" could not be bound.
[Wed, 05 Sep 2018 16:30:24 +0200] Error 1: Error: SQLSTATE[HY093]: Invalid parameter number: parameter was not defined
[Wed, 05 Sep 2018 16:32:15 +0200] Error 1: Error: SQLSTATE[HY093]: Invalid parameter number: parameter was not defined
[Wed, 05 Sep 2018 16:37:47 +0200] Error 1: Error: SQLSTATE[HY093]: Invalid parameter number: parameter was not defined
[Wed, 05 Sep 2018 16:41:17 +0200] Error 1: Error: SQLSTATE[HY093]: Invalid parameter number: parameter was not defined
